{"logLevel":"debug","message":"multithreading is set to false"}
{"logLevel":"debug","message":"Using reflection to scan dependencies for gauge implementations..."}
{"logLevel":"debug","message":"gauge-java took 2223milliseconds to load and scan. This should be less than 'runner_connection_timeout' config value."}
{"logLevel":"debug","message":"run 'gauge config runner_connection_timeout' and verify that it is < 2223"}
{"logLevel":"debug","message":"starting gRPC server..."}
{"logLevel":"debug","message":"started gRPC server on port 50471"}
{"logLevel":"info","message":"Listening on port:50471"}
{"logLevel":"debug","message":"Scanning packages for steps"}
{"logLevel":"debug","message":"Comparing 'org.example.StepImplementation.inputPassword' and 'org.example.StepImplementation.inputPassword'"}
{"logLevel":"debug","message":"Found Şifre alanına {} bilgisi yazılır. in current project scope."}
{"logLevel":"debug","message":"Comparing 'org.example.StepImplementation.selectCategory' and 'org.example.StepImplementation.selectCategory'"}
{"logLevel":"debug","message":"Found Rasgele bir kategorinin üzerine gelinir ve açılan alt kategorlerden rasgele bir alt kategori seçilir. in current project scope."}
{"logLevel":"debug","message":"Comparing 'org.example.StepImplementation.inputUserName' and 'org.example.StepImplementation.inputUserName'"}
{"logLevel":"debug","message":"Found Kullanıcı alanına {} bilgisi yazılır. in current project scope."}
{"logLevel":"debug","message":"Comparing 'org.example.StepImplementation.loginCheck' and 'org.example.StepImplementation.loginCheck'"}
{"logLevel":"debug","message":"Found Login kontrolü yapılır Eğer login başarılı olmuşsa sepet tutar kontrolü yapılır. in current project scope."}
{"logLevel":"debug","message":"Comparing 'org.example.StepImplementation.clickLoginButton' and 'org.example.StepImplementation.clickLoginButton'"}
{"logLevel":"debug","message":"Found Giriş buttonuna tıklanır. in current project scope."}
{"logLevel":"debug","message":"Comparing 'org.example.StepImplementation.openPage' and 'org.example.StepImplementation.openPage'"}
{"logLevel":"debug","message":"Found {} sayfası açılır in current project scope."}
{"logLevel":"debug","message":"Comparing 'org.example.StepImplementation.clickLogin' and 'org.example.StepImplementation.clickLogin'"}
{"logLevel":"debug","message":"Found Giriş yap butonuna tıklanılır. in current project scope."}
{"logLevel":"debug","message":"Scanning packages for hooks"}
{"logLevel":"debug","message":"Scanned steps (using static parsing + reflections): "}
{"logLevel":"debug","message":"\tGiriş yap butonuna tıklanılır. : public void clickLogin()"}
{"logLevel":"debug","message":"\tGiriş buttonuna tıklanır. : public void clickLoginButton()"}
{"logLevel":"debug","message":"\t{} sayfası açılır : public void openPage(String site)"}
{"logLevel":"debug","message":"\tKullanıcı alanına {} bilgisi yazılır. : public void inputUserName(String userName)"}
{"logLevel":"debug","message":"\tLogin kontrolü yapılır Eğer login başarılı olmuşsa sepet tutar kontrolü yapılır. : public void loginCheck()"}
{"logLevel":"debug","message":"\tRasgele bir kategorinin üzerine gelinir ve açılan alt kategorlerden rasgele bir alt kategori seçilir. : public void selectCategory() throws InterruptedException"}
{"logLevel":"debug","message":"\tŞifre alanına {} bilgisi yazılır. : public void inputPassword(String password)"}
1619267958551	geckodriver	INFO	Listening on 127.0.0.1:42964
