{"logLevel":"debug","message":"multithreading is set to false"}
{"logLevel":"debug","message":"Using reflection to scan dependencies for gauge implementations..."}
{"logLevel":"debug","message":"gauge-java took 5228milliseconds to load and scan. This should be less than 'runner_connection_timeout' config value."}
{"logLevel":"debug","message":"run 'gauge config runner_connection_timeout' and verify that it is < 5228"}
{"logLevel":"debug","message":"starting gRPC server..."}
{"logLevel":"debug","message":"started gRPC server on port 49344"}
{"logLevel":"info","message":"Listening on port:49344"}
{"logLevel":"debug","message":"Scanning packages for steps"}
{"logLevel":"debug","message":"Comparing 'org.example.StepImplementation.inputUserName' and 'org.example.StepImplementation.inputUserName'"}
{"logLevel":"debug","message":"Found Kullanıcı alanına {} bilgisi yazılır. in current project scope."}
{"logLevel":"debug","message":"Comparing 'org.example.StepImplementation.openPage' and 'org.example.StepImplementation.openPage'"}
{"logLevel":"debug","message":"Found {} sayfası açılır in current project scope."}
{"logLevel":"debug","message":"Comparing 'org.example.StepImplementation.clickLogin' and 'org.example.StepImplementation.clickLogin'"}
{"logLevel":"debug","message":"Found Giriş yap butonuna tıklanılır. in current project scope."}
{"logLevel":"debug","message":"Scanning packages for hooks"}
{"logLevel":"debug","message":"Scanned steps (using static parsing + reflections): "}
{"logLevel":"debug","message":"\tGiriş yap butonuna tıklanılır. : public void clickLogin()"}
{"logLevel":"debug","message":"\t{} sayfası açılır : public void openPage(String site)"}
{"logLevel":"debug","message":"\tKullanıcı alanına {} bilgisi yazılır. : public void inputUserName(String userName)"}
1619206617300	geckodriver	INFO	Listening on 127.0.0.1:5694
1619206618205	mozrunner::runner	INFO	Running command: "/Applications/Firefox.app/Contents/MacOS/firefox-bin" "--marionette" "-foreground" "-no-remote" "-profile" "/var/folders/_z/8wg9pq0n5nvg84n2fzxplsj00000gn/T/rust_mozprofileVv082a"
1619206620212	Marionette	INFO	Marionette enabled
console.warn: SearchSettings: "get: No settings file exists, new profile?" (new Error("", "(unknown module)"))
1619206631988	Marionette	INFO	Listening on port 49380
1619206632176	Marionette	WARN	TLS certificate errors will be ignored for this session
Nis 23, 2021 10:37:12 ÖS org.openqa.selenium.remote.ProtocolHandshake createSession
INFO: Detected dialect: W3C
{"logLevel":"debug","message":"Executing '{} sayfası açılır' using 'class org.example.StepImplementation.openPage"}
{"logLevel":"debug","message":"Executing 'Giriş yap butonuna tıklanılır.' using 'class org.example.StepImplementation.clickLogin"}
1619206645123	Marionette	WARN	Ignoring event 'DOMContentLoaded' because document has an invalid readyState of 'complete'.
1619206660784	Marionette	INFO	Stopped listening on port 49380
{"logLevel":"debug","message":"Killing Java runner..."}
{"logLevel":"debug","message":"Stopping execution pool..."}
{"logLevel":"debug","message":"Shutting down grpc server..."}
{"logLevel":"debug","message":"Runner killed gracefully."}
