{"logLevel":"debug","message":"multithreading is set to false"}
{"logLevel":"debug","message":"Using reflection to scan dependencies for gauge implementations..."}
{"logLevel":"debug","message":"gauge-java took 10455milliseconds to load and scan. This should be less than 'runner_connection_timeout' config value."}
{"logLevel":"debug","message":"run 'gauge config runner_connection_timeout' and verify that it is < 10455"}
{"logLevel":"debug","message":"starting gRPC server..."}
{"logLevel":"debug","message":"started gRPC server on port 55271"}
{"logLevel":"info","message":"Listening on port:55271"}
{"logLevel":"debug","message":"Scanning packages for steps"}
{"logLevel":"debug","message":"Comparing 'org.example.StepImplementation.inputPassword' and 'org.example.StepImplementation.inputPassword'"}
{"logLevel":"debug","message":"Found Şifre alanına {} bilgisi yazılır. in current project scope."}
{"logLevel":"debug","message":"Comparing 'org.example.StepImplementation.inputUserName' and 'org.example.StepImplementation.inputUserName'"}
{"logLevel":"debug","message":"Found Kullanıcı alanına {} bilgisi yazılır. in current project scope."}
{"logLevel":"debug","message":"Comparing 'org.example.StepImplementation.loginCheck' and 'org.example.StepImplementation.loginCheck'"}
{"logLevel":"debug","message":"Found Login kontrolü yapılır Eğer login başarılı olmuşsa sepet tutar kontrolü yapılır. in current project scope."}
{"logLevel":"debug","message":"Comparing 'org.example.StepImplementation.clickLoginButton' and 'org.example.StepImplementation.clickLoginButton'"}
{"logLevel":"debug","message":"Found Giriş buttonuna tıklanır. in current project scope."}
{"logLevel":"debug","message":"Comparing 'org.example.StepImplementation.openPage' and 'org.example.StepImplementation.openPage'"}
{"logLevel":"debug","message":"Found {} sayfası açılır in current project scope."}
{"logLevel":"debug","message":"Comparing 'org.example.StepImplementation.clickLogin' and 'org.example.StepImplementation.clickLogin'"}
{"logLevel":"debug","message":"Found Giriş yap butonuna tıklanılır. in current project scope."}
{"logLevel":"debug","message":"Scanning packages for hooks"}
{"logLevel":"debug","message":"Scanned steps (using static parsing + reflections): "}
{"logLevel":"debug","message":"\tGiriş yap butonuna tıklanılır. : public void clickLogin()"}
{"logLevel":"debug","message":"\tGiriş buttonuna tıklanır. : public void clickLoginButton()"}
{"logLevel":"debug","message":"\t{} sayfası açılır : public void openPage(String site)"}
{"logLevel":"debug","message":"\tKullanıcı alanına {} bilgisi yazılır. : public void inputUserName(String userName)"}
{"logLevel":"debug","message":"\tLogin kontrolü yapılır Eğer login başarılı olmuşsa sepet tutar kontrolü yapılır. : public void loginCheck() throws InterruptedException"}
{"logLevel":"debug","message":"\tŞifre alanına {} bilgisi yazılır. : public void inputPassword(String password)"}
1619255062792	geckodriver	INFO	Listening on 127.0.0.1:4427
1619255063372	mozrunner::runner	INFO	Running command: "/Applications/Firefox.app/Contents/MacOS/firefox-bin" "--marionette" "-foreground" "-no-remote" "-profile" "/var/folders/_z/8wg9pq0n5nvg84n2fzxplsj00000gn/T/rust_mozprofile4HfjeD"
1619255064657	Marionette	INFO	Marionette enabled
console.warn: SearchSettings: "get: No settings file exists, new profile?" (new Error("", "(unknown module)"))
1619255070340	Marionette	INFO	Listening on port 55309
1619255070436	Marionette	WARN	TLS certificate errors will be ignored for this session
Nis 24, 2021 12:04:30 ÖS org.openqa.selenium.remote.ProtocolHandshake createSession
INFO: Detected dialect: W3C
{"logLevel":"debug","message":"Executing '{} sayfası açılır' using 'class org.example.StepImplementation.openPage"}
JavaScript error: , line 0: uncaught exception: Object
JavaScript error: , line 0: uncaught exception: Object
{"logLevel":"debug","message":"Executing 'Giriş yap butonuna tıklanılır.' using 'class org.example.StepImplementation.clickLogin"}
{"logLevel":"debug","message":"Killing Java runner..."}
{"logLevel":"debug","message":"Stopping execution pool..."}
{"logLevel":"debug","message":"Shutting down grpc server..."}
{"logLevel":"debug","message":"Runner killed gracefully."}
